<?xml version="1.0" encoding="UTF-8"?>
<!-- Generated by org.testng.reporters.JUnitReportReporter -->
<testsuite hostname="DESKTOP-Q9OPM1J" failures="0" tests="1" name="com.qa.essentProject.TC001_GET_AllEmployeesData" time="3.020" errors="0" timestamp="24 Jul 2019 00:09:03 GMT" skipped="0">
  <testcase classname="com.qa.essentProject.TC001_GET_AllEmployeesData" name="getEmployeeDetails" time="3.020"/>
</testsuite> <!-- com.qa.essentProject.TC001_GET_AllEmployeesData -->
